<?xml version="1.0" encoding="UTF-8"?>
<robot generator="Robot 7.3.2 (Python 3.13.7 on win32)" generated="2025-10-06T13:49:34.690269" rpa="false" schemaversion="5">
<suite id="s1" name="SwagLabsLoginTest" source="C:\Users\gabri\Desktop\Trabalho\SwagLabs-QA-RobotFramework\automation\Test\SwagLabsLoginTest.robot">
<test id="s1-t1" name="Criar-Usuário insere username Performance Problem" line="85">
<kw name="Go to Login Page" owner="Base" type="SETUP">
<kw name="Open Browser" owner="SeleniumLibrary">
<msg time="2025-10-06T13:49:35.023292" level="INFO">Opening browser 'Edge' to base url 'https://www.saucedemo.com/v1/'.</msg>
<arg>${URL}</arg>
<arg>${BROWSER}</arg>
<doc>Opens a new browser instance to the optional ``url``.</doc>
<status status="PASS" start="2025-10-06T13:49:35.023020" elapsed="1.418784"/>
</kw>
<status status="PASS" start="2025-10-06T13:49:35.022366" elapsed="1.419735"/>
</kw>
<kw name="Login with credentials" owner="LoginKeywords">
<kw name="Load Json From File" owner="JSONLibrary">
<msg time="2025-10-06T13:49:36.443976" level="INFO">${credentials} = {'users': [{'role': 'standard', 'username': 'standard_user', 'password': 'secret_sauce'}, {'role': 'Locked', 'username': 'locked_out_user', 'password': 'secret_sauce'}, {'role': 'problem', 'username':...</msg>
<var>${credentials}</var>
<arg>${CredentialsJson}</arg>
<doc>Load JSON from file.</doc>
<status status="PASS" start="2025-10-06T13:49:36.443199" elapsed="0.000837"/>
</kw>
<kw name="Get From Dictionary" owner="Collections">
<msg time="2025-10-06T13:49:36.444448" level="INFO">${users} = [{'role': 'standard', 'username': 'standard_user', 'password': 'secret_sauce'}, {'role': 'Locked', 'username': 'locked_out_user', 'password': 'secret_sauce'}, {'role': 'problem', 'username': 'problem_...</msg>
<var>${users}</var>
<arg>${credentials}</arg>
<arg>users</arg>
<doc>Returns a value from the given ``dictionary`` based on the given ``key``.</doc>
<status status="PASS" start="2025-10-06T13:49:36.444219" elapsed="0.000262"/>
</kw>
<kw name="Set Variable" owner="BuiltIn">
<msg time="2025-10-06T13:49:36.444760" level="INFO">${user_dictionary} = None</msg>
<var>${user_dictionary}</var>
<arg>${None}</arg>
<doc>Returns the given values which can then be assigned to a variables.</doc>
<status status="PASS" start="2025-10-06T13:49:36.444609" elapsed="0.000178"/>
</kw>
<for flavor="IN">
<iter>
<kw name="Get From Dictionary" owner="Collections">
<msg time="2025-10-06T13:49:36.445384" level="INFO">${user_role} = standard</msg>
<var>${user_role}</var>
<arg>${i}</arg>
<arg>role</arg>
<doc>Returns a value from the given ``dictionary`` based on the given ``key``.</doc>
<status status="PASS" start="2025-10-06T13:49:36.445220" elapsed="0.000193"/>
</kw>
<kw name="Run Keyword If" owner="BuiltIn">
<arg>'${user_role}' == '${role}'</arg>
<arg>Set Test Variable</arg>
<arg>${user_dictionary}</arg>
<arg>${i}</arg>
<doc>Runs the given keyword with the given arguments, if ``condition`` is true.</doc>
<status status="PASS" start="2025-10-06T13:49:36.445556" elapsed="0.000242"/>
</kw>
<kw name="Exit For Loop If" owner="BuiltIn">
<arg>${user_dictionary}</arg>
<doc>Stops executing the enclosing FOR loop if the ``condition`` is true.</doc>
<status status="PASS" start="2025-10-06T13:49:36.445924" elapsed="0.000122"/>
</kw>
<var name="${i}">{'role': 'standard', 'username': 'standard_user', 'password': 'secret_sauce'}</var>
<status status="PASS" start="2025-10-06T13:49:36.445107" elapsed="0.000983"/>
</iter>
<iter>
<kw name="Get From Dictionary" owner="Collections">
<msg time="2025-10-06T13:49:36.446438" level="INFO">${user_role} = Locked</msg>
<var>${user_role}</var>
<arg>${i}</arg>
<arg>role</arg>
<doc>Returns a value from the given ``dictionary`` based on the given ``key``.</doc>
<status status="PASS" start="2025-10-06T13:49:36.446304" elapsed="0.000158"/>
</kw>
<kw name="Run Keyword If" owner="BuiltIn">
<arg>'${user_role}' == '${role}'</arg>
<arg>Set Test Variable</arg>
<arg>${user_dictionary}</arg>
<arg>${i}</arg>
<doc>Runs the given keyword with the given arguments, if ``condition`` is true.</doc>
<status status="PASS" start="2025-10-06T13:49:36.446571" elapsed="0.000168"/>
</kw>
<kw name="Exit For Loop If" owner="BuiltIn">
<arg>${user_dictionary}</arg>
<doc>Stops executing the enclosing FOR loop if the ``condition`` is true.</doc>
<status status="PASS" start="2025-10-06T13:49:36.446867" elapsed="0.000118"/>
</kw>
<var name="${i}">{'role': 'Locked', 'username': 'locked_out_user', 'password': 'secret_sauce'}</var>
<status status="PASS" start="2025-10-06T13:49:36.446219" elapsed="0.000802"/>
</iter>
<iter>
<kw name="Get From Dictionary" owner="Collections">
<msg time="2025-10-06T13:49:36.447285" level="INFO">${user_role} = problem</msg>
<var>${user_role}</var>
<arg>${i}</arg>
<arg>role</arg>
<doc>Returns a value from the given ``dictionary`` based on the given ``key``.</doc>
<status status="PASS" start="2025-10-06T13:49:36.447176" elapsed="0.000129"/>
</kw>
<kw name="Run Keyword If" owner="BuiltIn">
<arg>'${user_role}' == '${role}'</arg>
<arg>Set Test Variable</arg>
<arg>${user_dictionary}</arg>
<arg>${i}</arg>
<doc>Runs the given keyword with the given arguments, if ``condition`` is true.</doc>
<status status="PASS" start="2025-10-06T13:49:36.447388" elapsed="0.000120"/>
</kw>
<kw name="Exit For Loop If" owner="BuiltIn">
<arg>${user_dictionary}</arg>
<doc>Stops executing the enclosing FOR loop if the ``condition`` is true.</doc>
<status status="PASS" start="2025-10-06T13:49:36.447587" elapsed="0.000076"/>
</kw>
<var name="${i}">{'role': 'problem', 'username': 'problem_user', 'password': 'secret_sauce'}</var>
<status status="PASS" start="2025-10-06T13:49:36.447113" elapsed="0.000578"/>
</iter>
<iter>
<kw name="Get From Dictionary" owner="Collections">
<msg time="2025-10-06T13:49:36.447915" level="INFO">${user_role} = performance_problem</msg>
<var>${user_role}</var>
<arg>${i}</arg>
<arg>role</arg>
<doc>Returns a value from the given ``dictionary`` based on the given ``key``.</doc>
<status status="PASS" start="2025-10-06T13:49:36.447820" elapsed="0.000112"/>
</kw>
<kw name="Run Keyword If" owner="BuiltIn">
<kw name="Set Test Variable" owner="BuiltIn">
<msg time="2025-10-06T13:49:36.448292" level="INFO">${user_dictionary} = {'role': 'performance_problem', 'username': 'performance_glitch_user', 'password': 'secret_sauce'}</msg>
<arg>${user_dictionary}</arg>
<arg>${i}</arg>
<doc>Makes a variable available everywhere within the scope of the current test.</doc>
<status status="PASS" start="2025-10-06T13:49:36.448162" elapsed="0.000157"/>
</kw>
<arg>'${user_role}' == '${role}'</arg>
<arg>Set Test Variable</arg>
<arg>${user_dictionary}</arg>
<arg>${i}</arg>
<doc>Runs the given keyword with the given arguments, if ``condition`` is true.</doc>
<status status="PASS" start="2025-10-06T13:49:36.448009" elapsed="0.000348"/>
</kw>
<kw name="Exit For Loop If" owner="BuiltIn">
<msg time="2025-10-06T13:49:36.448493" level="INFO">Exiting for loop altogether.</msg>
<arg>${user_dictionary}</arg>
<doc>Stops executing the enclosing FOR loop if the ``condition`` is true.</doc>
<status status="PASS" start="2025-10-06T13:49:36.448424" elapsed="0.000135"/>
</kw>
<var name="${i}">{'role': 'performance_problem', 'username': 'performance_glitch_user', 'password': 'secret_sauce'}</var>
<status status="PASS" start="2025-10-06T13:49:36.447762" elapsed="0.000829"/>
</iter>
<var>${i}</var>
<value>@{users}</value>
<status status="PASS" start="2025-10-06T13:49:36.444893" elapsed="0.003730"/>
</for>
<kw name="Run Keyword Unless" owner="BuiltIn">
<msg time="2025-10-06T13:49:36.448743" level="WARN">Keyword 'BuiltIn.Run Keyword Unless' is deprecated. </msg>
<arg>${user_dictionary}</arg>
<arg>Fail</arg>
<arg>No user found with role "${role}"</arg>
<doc>*DEPRECATED since RF 5.0. Use Native IF/ELSE or `Run Keyword If` instead.*</doc>
<status status="PASS" start="2025-10-06T13:49:36.448721" elapsed="0.000481"/>
</kw>
<kw name="Get From Dictionary" owner="Collections">
<msg time="2025-10-06T13:49:36.449507" level="INFO">${username} = performance_glitch_user</msg>
<var>${username}</var>
<arg>${user_dictionary}</arg>
<arg>username</arg>
<doc>Returns a value from the given ``dictionary`` based on the given ``key``.</doc>
<status status="PASS" start="2025-10-06T13:49:36.449341" elapsed="0.000484"/>
</kw>
<kw name="Get From Dictionary" owner="Collections">
<msg time="2025-10-06T13:49:36.450100" level="INFO">${password} = secret_sauce</msg>
<var>${password}</var>
<arg>${user_dictionary}</arg>
<arg>password</arg>
<doc>Returns a value from the given ``dictionary`` based on the given ``key``.</doc>
<status status="PASS" start="2025-10-06T13:49:36.449964" elapsed="0.000157"/>
</kw>
<kw name="Input Text" owner="SeleniumLibrary">
<msg time="2025-10-06T13:49:36.450593" level="INFO">Typing text 'performance_glitch_user' into text field 'css:input[id*="user-name"]'.</msg>
<arg>${LOGIN_USERNAME_FIELD}</arg>
<arg>${username}</arg>
<doc>Types the given ``text`` into the text field identified by ``locator``.</doc>
<status status="PASS" start="2025-10-06T13:49:36.450223" elapsed="0.124217"/>
</kw>
<kw name="Input Text" owner="SeleniumLibrary">
<msg time="2025-10-06T13:49:36.575010" level="INFO">Typing text 'secret_sauce' into text field 'css:input[id="password"]'.</msg>
<arg>${LOGIN_PASSWORD_FIELD}</arg>
<arg>${password}</arg>
<doc>Types the given ``text`` into the text field identified by ``locator``.</doc>
<status status="PASS" start="2025-10-06T13:49:36.574700" elapsed="0.077924"/>
</kw>
<kw name="Click Button" owner="SeleniumLibrary">
<msg time="2025-10-06T13:49:36.653128" level="INFO">Clicking button 'css:input[id="login-button"]'.</msg>
<arg>${LOGIN_BUTTON}</arg>
<doc>Clicks the button identified by ``locator``.</doc>
<status status="PASS" start="2025-10-06T13:49:36.652864" elapsed="5.329686"/>
</kw>
<kw name="Sleep" owner="BuiltIn">
<msg time="2025-10-06T13:49:46.983306" level="INFO">Slept 5 seconds.</msg>
<arg>5s</arg>
<doc>Pauses the test executed for the given time.</doc>
<status status="PASS" start="2025-10-06T13:49:41.982840" elapsed="5.000630"/>
</kw>
<arg>performance_problem</arg>
<status status="PASS" start="2025-10-06T13:49:36.442819" elapsed="10.540802"/>
</kw>
<kw name="Check if you went to the expected page" owner="LoginKeywords">
<kw name="Page Should Contain Element" owner="SeleniumLibrary">
<msg time="2025-10-06T13:49:46.993558" level="INFO">Current page contains element 'css:.product_label'.</msg>
<arg>${LocatorPageExpected}</arg>
<doc>Verifies that element ``locator`` is found on the current page.</doc>
<status status="PASS" start="2025-10-06T13:49:46.984557" elapsed="0.009149"/>
</kw>
<arg>${DivTitleHeaderInventory}</arg>
<status status="PASS" start="2025-10-06T13:49:46.984124" elapsed="0.009779"/>
</kw>
<kw name="Run Keywords" owner="BuiltIn" type="TEARDOWN">
<kw name="Sleep" owner="BuiltIn">
<msg time="2025-10-06T13:49:56.994879" level="INFO">Slept 10 seconds.</msg>
<arg>10s</arg>
<doc>Pauses the test executed for the given time.</doc>
<status status="PASS" start="2025-10-06T13:49:46.994572" elapsed="10.000437"/>
</kw>
<kw name="Close the login page" owner="Base">
<kw name="Capture Page Screenshot" owner="SeleniumLibrary">
<msg time="2025-10-06T13:49:57.126667" level="INFO" html="true">&lt;/td&gt;&lt;/tr&gt;&lt;tr&gt;&lt;td colspan="3"&gt;&lt;a href="selenium-screenshot-110.png"&gt;&lt;img src="selenium-screenshot-110.png" width="800px"&gt;&lt;/a&gt;</msg>
<doc>Takes a screenshot of the current page and embeds it into a log file.</doc>
<status status="PASS" start="2025-10-06T13:49:56.995688" elapsed="0.131092"/>
</kw>
<kw name="Close Browser" owner="SeleniumLibrary">
<doc>Closes the current browser.</doc>
<status status="PASS" start="2025-10-06T13:49:57.126957" elapsed="2.162687"/>
</kw>
<status status="PASS" start="2025-10-06T13:49:56.995378" elapsed="2.294536"/>
</kw>
<arg>sleep</arg>
<arg>10s</arg>
<arg>AND</arg>
<arg>Close the login page</arg>
<doc>Executes all the given keywords in a sequence.</doc>
<status status="PASS" start="2025-10-06T13:49:46.994385" elapsed="12.295619"/>
</kw>
<doc>Teste de login com usuário com problema de performance</doc>
<tag>Criar3</tag>
<status status="PASS" start="2025-10-06T13:49:35.021540" elapsed="24.268864"/>
</test>
<status status="PASS" start="2025-10-06T13:49:34.691324" elapsed="24.600413"/>
</suite>
<statistics>
<total>
<stat pass="1" fail="0" skip="0">All Tests</stat>
</total>
<tag>
<stat pass="1" fail="0" skip="0">Criar3</stat>
</tag>
<suite>
<stat name="SwagLabsLoginTest" id="s1" pass="1" fail="0" skip="0">SwagLabsLoginTest</stat>
</suite>
</statistics>
<errors>
<msg time="2025-10-06T13:49:35.017480" level="WARN">Error in file 'C:\Users\gabri\Desktop\Trabalho\SwagLabs-QA-RobotFramework\automation\Resources\Pages\LoginPage\LoginKeywords.resource' on line 61: The '[Return]' setting is deprecated. Use the 'RETURN' statement instead.</msg>
<msg time="2025-10-06T13:49:36.448743" level="WARN">Keyword 'BuiltIn.Run Keyword Unless' is deprecated. </msg>
</errors>
</robot>
