<?xml version="1.0" encoding="UTF-8"?>
<robot generator="Robot 7.3.2 (Python 3.13.7 on win32)" generated="2025-10-01T12:08:03.766352" rpa="false" schemaversion="5">
<suite id="s1" name="SwagLabsTest" source="C:\Users\gabri\Desktop\Trabalho\SwagLabs-QA-RobotFramework\automation\test\SwagLabsTest.robot">
<test id="s1-t1" name="Usuário insere credenciais válidas" line="8">
<kw name="Go to Login Page" owner="loginPage" type="SETUP">
<kw name="Open Browser" owner="SeleniumLibrary">
<msg time="2025-10-01T12:08:04.185381" level="INFO">Opening browser 'chrome' to base url 'None'.</msg>
<arg>browser=chrome</arg>
<arg>options=add_experimental_option("detach", True)</arg>
<doc>Opens a new browser instance to the optional ``url``.</doc>
<status status="PASS" start="2025-10-01T12:08:04.185224" elapsed="1.347084"/>
</kw>
<kw name="Maximize Browser Window" owner="SeleniumLibrary">
<doc>Maximizes current browser window.</doc>
<status status="PASS" start="2025-10-01T12:08:05.532593" elapsed="0.035086"/>
</kw>
<kw name="Go To" owner="SeleniumLibrary">
<msg time="2025-10-01T12:08:05.568069" level="INFO">Opening url 'https://www.saucedemo.com/v1/'</msg>
<arg>${URL}</arg>
<doc>Navigates the current browser window to the provided ``url``.</doc>
<status status="PASS" start="2025-10-01T12:08:05.567895" elapsed="0.445936"/>
</kw>
<status status="PASS" start="2025-10-01T12:08:04.184569" elapsed="1.829385"/>
</kw>
<kw name="Login With Valid Credentials" owner="LoginKeywords">
<kw name="Load Json From File" owner="JSONLibrary">
<msg time="2025-10-01T12:08:06.014920" level="ERROR">JSON file: Resources/Settings/credentials.json not found</msg>
<msg time="2025-10-01T12:08:06.015184" level="FAIL">OSError</msg>
<var>${credentials}</var>
<arg>${CredentialsJson}</arg>
<doc>Load JSON from file.</doc>
<status status="FAIL" start="2025-10-01T12:08:06.014710" elapsed="0.001754">OSError</status>
</kw>
<kw name="Get From Dictionary" owner="Collections">
<var>${users}</var>
<arg>${credentials}</arg>
<arg>users</arg>
<doc>Returns a value from the given ``dictionary`` based on the given ``key``.</doc>
<status status="NOT RUN" start="2025-10-01T12:08:06.016581" elapsed="0.000090"/>
</kw>
<kw name="Get From List" owner="Collections">
<var>${user_dictionary}</var>
<arg>${users}</arg>
<arg>0</arg>
<doc>Returns the value specified with an ``index`` from ``list``.</doc>
<status status="NOT RUN" start="2025-10-01T12:08:06.016738" elapsed="0.000015"/>
</kw>
<kw name="Get From Dictionary" owner="Collections">
<var>${username}</var>
<arg>${user_dictionary}</arg>
<arg>username</arg>
<doc>Returns a value from the given ``dictionary`` based on the given ``key``.</doc>
<status status="NOT RUN" start="2025-10-01T12:08:06.016826" elapsed="0.000013"/>
</kw>
<kw name="Get From Dictionary" owner="Collections">
<var>${password}</var>
<arg>${user_dictionary}</arg>
<arg>password</arg>
<doc>Returns a value from the given ``dictionary`` based on the given ``key``.</doc>
<status status="NOT RUN" start="2025-10-01T12:08:06.016886" elapsed="0.000011"/>
</kw>
<kw name="Fill Username" owner="loginPage">
<arg>${username}</arg>
<status status="NOT RUN" start="2025-10-01T12:08:06.016998" elapsed="0.000018"/>
</kw>
<kw name="Fill Password" owner="loginPage">
<arg>${password}</arg>
<status status="NOT RUN" start="2025-10-01T12:08:06.017075" elapsed="0.000013"/>
</kw>
<kw name="Click Login" owner="loginPage">
<status status="NOT RUN" start="2025-10-01T12:08:06.017143" elapsed="0.000013"/>
</kw>
<status status="FAIL" start="2025-10-01T12:08:06.014327" elapsed="0.002908">OSError</status>
</kw>
<kw name="Close the login page" owner="loginPage" type="TEARDOWN">
<kw name="Capture Page Screenshot" owner="SeleniumLibrary">
<msg time="2025-10-01T12:08:06.182336" level="INFO" html="true">&lt;/td&gt;&lt;/tr&gt;&lt;tr&gt;&lt;td colspan="3"&gt;&lt;a href="selenium-screenshot-1.png"&gt;&lt;img src="selenium-screenshot-1.png" width="800px"&gt;&lt;/a&gt;</msg>
<doc>Takes a screenshot of the current page and embeds it into a log file.</doc>
<status status="PASS" start="2025-10-01T12:08:06.017670" elapsed="0.164795"/>
</kw>
<kw name="Close Browser" owner="SeleniumLibrary">
<doc>Closes the current browser.</doc>
<status status="PASS" start="2025-10-01T12:08:06.182636" elapsed="2.168422"/>
</kw>
<status status="PASS" start="2025-10-01T12:08:06.017498" elapsed="2.333722"/>
</kw>
<doc>Teste de login válido</doc>
<status status="FAIL" start="2025-10-01T12:08:04.183679" elapsed="4.167793">OSError</status>
</test>
<status status="FAIL" start="2025-10-01T12:08:03.768118" elapsed="4.584051"/>
</suite>
<statistics>
<total>
<stat pass="0" fail="1" skip="0">All Tests</stat>
</total>
<tag>
</tag>
<suite>
<stat name="SwagLabsTest" id="s1" pass="0" fail="1" skip="0">SwagLabsTest</stat>
</suite>
</statistics>
<errors>
<msg time="2025-10-01T12:08:06.014920" level="ERROR">JSON file: Resources/Settings/credentials.json not found</msg>
</errors>
</robot>
